0 info it worked if it ends with ok
1 verbose cli [ 'c:\\Program Files\\nodejs\\node.exe',
1 verbose cli   'c:\\Program Files\\nodejs\\node_modules\\npm\\bin\\npm-cli.js',
1 verbose cli   'install',
1 verbose cli   'child-process' ]
2 info using npm@2.15.8
3 info using node@v4.4.7
4 verbose install initial load of c:\Dev\Test\NodeIntro\package.json
5 verbose installManyTop reading scoped package data from c:\Dev\Test\NodeIntro\node_modules\httpdispatcher\package.json
6 verbose installManyTop reading scoped package data from c:\Dev\Test\NodeIntro\node_modules\mochawesome\package.json
7 verbose installManyTop reading scoped package data from c:\Dev\Test\NodeIntro\node_modules\request\package.json
8 verbose installManyTop reading scoped package data from c:\Dev\Test\NodeIntro\node_modules\should\package.json
9 verbose installManyTop reading scoped package data from c:\Dev\Test\NodeIntro\node_modules\socket.io\package.json
10 info package.json httpdispatcher@1.0.0 No license field.
11 verbose readDependencies loading dependencies from c:\Dev\Test\NodeIntro\package.json
12 silly cache add args [ 'child-process', null ]
13 verbose cache add spec child-process
14 silly cache add parsed spec Result {
14 silly cache add   raw: 'child-process',
14 silly cache add   scope: null,
14 silly cache add   name: 'child-process',
14 silly cache add   rawSpec: '',
14 silly cache add   spec: 'latest',
14 silly cache add   type: 'tag' }
15 silly addNamed child-process@latest
16 verbose addNamed "latest" is being treated as a dist-tag for child-process
17 info addNameTag [ 'child-process', 'latest' ]
18 silly mapToRegistry name child-process
19 silly mapToRegistry using default registry
20 silly mapToRegistry registry https://registry.npmjs.org/
21 silly mapToRegistry data Result {
21 silly mapToRegistry   raw: 'child-process',
21 silly mapToRegistry   scope: null,
21 silly mapToRegistry   name: 'child-process',
21 silly mapToRegistry   rawSpec: '',
21 silly mapToRegistry   spec: 'latest',
21 silly mapToRegistry   type: 'tag' }
22 silly mapToRegistry uri https://registry.npmjs.org/child-process
23 verbose addNameTag registry:https://registry.npmjs.org/child-process not in flight; fetching
24 verbose request uri https://registry.npmjs.org/child-process
25 verbose request no auth needed
26 info attempt registry request try #1 at 12:50:07 PM
27 verbose request id db4431db0c0278f7
28 http request GET https://registry.npmjs.org/child-process
29 http 404 https://registry.npmjs.org/child-process
30 verbose headers { 'content-type': 'application/json',
30 verbose headers   'cache-control': 'max-age=0',
30 verbose headers   'content-length': '2',
30 verbose headers   'accept-ranges': 'bytes',
30 verbose headers   date: 'Mon, 11 Jul 2016 00:50:08 GMT',
30 verbose headers   via: '1.1 varnish',
30 verbose headers   connection: 'keep-alive',
30 verbose headers   'x-served-by': 'cache-akl6421-AKL',
30 verbose headers   'x-cache': 'MISS',
30 verbose headers   'x-cache-hits': '0',
30 verbose headers   'x-timer': 'S1468198208.051779,VS0,VE166',
30 verbose headers   vary: 'Accept-Encoding' }
31 silly get cb [ 404,
31 silly get   { 'content-type': 'application/json',
31 silly get     'cache-control': 'max-age=0',
31 silly get     'content-length': '2',
31 silly get     'accept-ranges': 'bytes',
31 silly get     date: 'Mon, 11 Jul 2016 00:50:08 GMT',
31 silly get     via: '1.1 varnish',
31 silly get     connection: 'keep-alive',
31 silly get     'x-served-by': 'cache-akl6421-AKL',
31 silly get     'x-cache': 'MISS',
31 silly get     'x-cache-hits': '0',
31 silly get     'x-timer': 'S1468198208.051779,VS0,VE166',
31 silly get     vary: 'Accept-Encoding' } ]
32 verbose stack Error: Registry returned 404 for GET on https://registry.npmjs.org/child-process
32 verbose stack     at makeError (c:\Program Files\nodejs\node_modules\npm\node_modules\npm-registry-client\lib\request.js:264:12)
32 verbose stack     at CachingRegistryClient.<anonymous> (c:\Program Files\nodejs\node_modules\npm\node_modules\npm-registry-client\lib\request.js:242:14)
32 verbose stack     at Request._callback (c:\Program Files\nodejs\node_modules\npm\node_modules\npm-registry-client\lib\request.js:172:14)
32 verbose stack     at Request.self.callback (c:\Program Files\nodejs\node_modules\npm\node_modules\request\request.js:200:22)
32 verbose stack     at emitTwo (events.js:87:13)
32 verbose stack     at Request.emit (events.js:172:7)
32 verbose stack     at Request.<anonymous> (c:\Program Files\nodejs\node_modules\npm\node_modules\request\request.js:1067:10)
32 verbose stack     at emitOne (events.js:82:20)
32 verbose stack     at Request.emit (events.js:169:7)
32 verbose stack     at IncomingMessage.<anonymous> (c:\Program Files\nodejs\node_modules\npm\node_modules\request\request.js:988:12)
33 verbose statusCode 404
34 verbose pkgid child-process
35 verbose cwd c:\Dev\Test\NodeIntro
36 error Windows_NT 10.0.10586
37 error argv "c:\\Program Files\\nodejs\\node.exe" "c:\\Program Files\\nodejs\\node_modules\\npm\\bin\\npm-cli.js" "install" "child-process"
38 error node v4.4.7
39 error npm  v2.15.8
40 error code E404
41 error 404 Registry returned 404 for GET on https://registry.npmjs.org/child-process
41 error 404
41 error 404 'child-process' is not in the npm registry.
41 error 404 You should bug the author to publish it (or use the name yourself!)
41 error 404
41 error 404 Note that you can also install from a
41 error 404 tarball, folder, http url, or git url.
42 verbose exit [ 1, true ]
